<?xml version="1.0" encoding="UTF-8"?>
<!-- Generated by org.testng.reporters.JUnitReportReporter -->
<testsuite hostname="debian" name="com.puma.TestCase.testAddProduct" tests="1" failures="0" timestamp="22 Nov 2017 14:12:42 GMT" time="30.484" errors="0">
  <testcase name="testAddToCart" time="30.484" classname="com.puma.TestCase.testAddProduct"/>
</testsuite> <!-- com.puma.TestCase.testAddProduct -->
