<?xml version="1.0" encoding="UTF-8"?>
<!-- Generated by org.testng.reporters.JUnitReportReporter -->
<testsuite hostname="debian" name="com.puma.TestCase.CreateEmailTest" tests="1" failures="0" timestamp="21 Nov 2017 19:38:14 GMT" time="0.233" errors="0">
  <testcase name="testHomePage" time="0.233" classname="com.puma.TestCase.CreateEmailTest"/>
</testsuite> <!-- com.puma.TestCase.CreateEmailTest -->
